<?xml version="1.0" encoding="UTF-8"?>
<!-- Generated by org.testng.reporters.JUnitXMLReporter -->
<testsuite hostname="LAPTOP-313E67K4" ignored="0" name="Command line test" tests="6" failures="0" timestamp="2022-03-29T23:36:50 IST" time="0.058" errors="0">
  <testcase name="IOSApps" time="0.004" classname="qaclickacademy.AppiumTest"/>
  <testcase name="NativeAppAndroid" time="0.001" classname="qaclickacademy.AppiumTest"/>
  <testcase name="deleteTwitter" time="0.001" classname="qaclickacademy.RestAPITest"/>
  <testcase name="postjira" time="0.0" classname="qaclickacademy.RestAPITest"/>
  <testcase name="BrowserAutomation" time="0.001" classname="qaclickacademy.SeleniumTest"/>
  <testcase name="elementsUi" time="0.001" classname="qaclickacademy.SeleniumTest"/>
</testsuite> <!-- Command line test -->
