<?xml version="1.0" encoding="UTF-8"?>
<testng-results skipped="0" failed="0" ignored="0" total="6" passed="6">
  <reporter-output>
  </reporter-output>
  <suite name="Suite" duration-ms="51" started-at="2022-03-29T23:37:46 IST" finished-at="2022-03-29T23:37:46 IST">
    <groups>
    </groups>
    <test name="Test" duration-ms="51" started-at="2022-03-29T23:37:46 IST" finished-at="2022-03-29T23:37:46 IST">
      <class name="qaclickacademy.AppiumTest">
        <test-method status="PASS" signature="IOSApps()[pri:0, instance:qaclickacademy.AppiumTest@36b4cef0]" name="IOSApps" duration-ms="7" started-at="2022-03-29T23:37:46 IST" finished-at="2022-03-29T23:37:46 IST">
          <reporter-output>
          </reporter-output>
        </test-method> <!-- IOSApps -->
        <test-method status="PASS" signature="NativeAppAndroid()[pri:0, instance:qaclickacademy.AppiumTest@36b4cef0]" name="NativeAppAndroid" duration-ms="0" started-at="2022-03-29T23:37:46 IST" finished-at="2022-03-29T23:37:46 IST">
          <reporter-output>
          </reporter-output>
        </test-method> <!-- NativeAppAndroid -->
      </class> <!-- qaclickacademy.AppiumTest -->
      <class name="qaclickacademy.RestAPITest">
        <test-method status="PASS" signature="deleteTwitter()[pri:0, instance:qaclickacademy.RestAPITest@5bb21b69]" name="deleteTwitter" duration-ms="0" started-at="2022-03-29T23:37:46 IST" finished-at="2022-03-29T23:37:46 IST">
          <reporter-output>
          </reporter-output>
        </test-method> <!-- deleteTwitter -->
        <test-method status="PASS" signature="postjira()[pri:0, instance:qaclickacademy.RestAPITest@5bb21b69]" name="postjira" duration-ms="0" started-at="2022-03-29T23:37:46 IST" finished-at="2022-03-29T23:37:46 IST">
          <reporter-output>
          </reporter-output>
        </test-method> <!-- postjira -->
      </class> <!-- qaclickacademy.RestAPITest -->
      <class name="qaclickacademy.SeleniumTest">
        <test-method status="PASS" signature="BrowserAutomation()[pri:0, instance:qaclickacademy.SeleniumTest@6b57696f]" name="BrowserAutomation" duration-ms="0" started-at="2022-03-29T23:37:46 IST" finished-at="2022-03-29T23:37:46 IST">
          <reporter-output>
          </reporter-output>
        </test-method> <!-- BrowserAutomation -->
        <test-method status="PASS" signature="elementsUi()[pri:0, instance:qaclickacademy.SeleniumTest@6b57696f]" name="elementsUi" duration-ms="1" started-at="2022-03-29T23:37:46 IST" finished-at="2022-03-29T23:37:46 IST">
          <reporter-output>
          </reporter-output>
        </test-method> <!-- elementsUi -->
      </class> <!-- qaclickacademy.SeleniumTest -->
    </test> <!-- Test -->
  </suite> <!-- Suite -->
</testng-results>
